product update start

Sku: DZ-DZ5430

Sku: HU-3465M.2502

Sku: HU-3600M.2522

Sku: HU-6694M.1506

Sku: HU-7054M.2508

Sku: HU-3362M.2503

Sku: HU-3309M.2522

Sku: HU-3259M.1502

Sku: HU-3309M.2502

Sku: HU-7083M.2502

Sku: HU-3670M.9502

Sku: HU-3542M02.9506

Sku: TE-110022C

Sku: WE-73117

Sku: FM-CT466A

Sku: FS-CH2952

Sku: DZ-DZ4321I

Sku: MU-MW5-1836-028

Sku: HU-3192L.2512

Sku: HU-3217M.1514

Sku: HU-3259M.1503

Sku: HU-3293L.1502

Sku: HU-3293M.1502

Sku: HU-3293M.1521

Sku: HU-3316M.2517

Sku: HU-3330M.2503

Sku: HU-3330M.2517

Sku: HU-3330M.2522

Sku: HU-3355L.1502

Sku: HU-3355L.1522

Sku: HU-3366M.1502

Sku: HU-3366M.1506

Sku: HU-3366M.1517

Sku: HU-3378M.2517

Sku: HU-3378M.2522

Sku: HU-3385L.1502

Sku: HU-3385L.1503

Sku: HU-3387M.1522

Sku: HU-3459L.2503

Sku: HU-3459M.2520

Sku: HU-3516L.1505

Sku: HU-3517L.1502

Sku: HU-3517L.1514

Sku: HU-3517L.1522

Sku: HU-3521M.9502

Sku: HU-3521M.9503

Sku: HU-3540L00.1502

Sku: HU-3568M01.1522

Sku: HU-3570M.9501

Sku: HU-3570M.9501

Sku: HU-3575L.1502

Sku: HU-3575L.1516

Sku: HU-3599M.1522

Sku: HU-3601M.2517

Sku: HU-3602L.2502

Sku: HU-3603M.1517

Sku: HU-3624L02.2522

Sku: HU-3626L.1512

Sku: HU-3626L.1513

Sku: HU-3628M.2508

Sku: HU-3661M.2502

Sku: HU-3662L.2502

Sku: HU-3662L.2511

Sku: HU-3662L.2515

Sku: HU-3662L01.2501

Sku: HU-3667L.1502

Sku: HU-6039M.1517

Sku: HU-6044M.2502

Sku: HU-6044M.2521

Sku: HU-6047M.1522

Sku: HU-6049M01.2502

Sku: HU-6053M.1502

Sku: HU-6053M.1507

Sku: HU-6060M.1501

Sku: HU-6060M.1502

Sku: HU-6613M.2522

Sku: HU-6693M.1506

Sku: HU-6693M.1517

Sku: HU-6694M.1521

Sku: HU-7028M.2522

Sku: HU-7036M.2502

Sku: HU-7036M.2522

Sku: HU-7044M.1506

Sku: HU-7045M.1502

Sku: HU-7045M.1503

Sku: HU-7052M.2517

Sku: HU-7052M.2522

Sku: HU-7055M.1503

Sku: HU-7055M.1517

Sku: HU-7065M-2517

Sku: HU-7076L01.2501

Sku: HU-7083M.2504

Sku: HU-7083M.2508

Sku: HU-7619L10.2522

Sku: HU-8581M.1502

Sku: SK-skw6100

Sku: TE-110033

Sku: TO-PE06VL

Sku: HU-3459L.2506

Sku: HU-3574M.2522

Sku: HU-3602L.2504

Sku: HU-3602L.2512

Sku: HU-3619L.1507

Sku: HU-3619L.1522

Sku: HU-3629M.1517

Sku: HU-3667L.1512

Sku: HU-6042M.2506

Sku: HU-6057M.1517

Sku: HU-7017L01.2506

Sku: HU-7028M.2508

Sku: HU-7619L08.2522

Sku: DK-NY1488

Sku: DK-NY1500

Sku: DZ-DZ4312-

Sku: DZ-DZ5432

Sku: DZ-DZ5433

Sku: DZ-DZ5491

Sku: DZ-DZ5492

Sku: DZ-DZ4389

Sku: DZ-DZ5411

Sku: DZ-DZ5461

Sku: DZ-DZ5446

Sku: DZ-DZ7358

Sku: DZ-DZ1735

Sku: DZ-DZ7360

Sku: DZ-DZ4373

Sku: DZ-DZ1717

Sku: DZ-DZ5483

Sku: DZ-DZ4345

Sku: DZ-DZ1742

Sku: DZ-DZ5478

Sku: DZ-DZ5425

Sku: DZ-DZ5429

Sku: DZ-DZ5479

Sku: DZ-DZ5447

Sku: DZ-DZ5498

Sku: DZ-DZ5504

Sku: DZ-DZ5431

Sku: DZ-DZ5480

Sku: DK-NY1489

Sku: DK-NY8659

Sku: DZ-DZ1677

Sku: ED-01504 3 AIN

Sku: ED-01504 357RN NIR

Sku: ED-27031 357N NIN

Sku: ED-72012 357N NIN

Sku: ED-82005 357N NIN

Sku: ES-07301452

Sku: ES-07301447

Sku: ES-07301446

Sku: ES-07101404

Sku: ES-07101408

Sku: ES-07101416

Sku: FM-CT465A

Sku: FM-CT466A

Sku: FM-DX203

Sku: FM-CT407A

Sku: FM-AW018

Sku: FM-AW020

Sku: FM-CT408A

Sku: FM-CT409A

Sku: FM-DX225

Sku: FM-DX254

Sku: FM-DX255

Sku: FM-DX256

Sku: FM-DX257

Sku: FM-DX258

Sku: FM-DX271

Sku: FM-DX265

Sku: FM-DX268

Sku: FM-CT385

Sku: FM-CT383

Sku: FM-DX253

Sku: FS-CH2984

Sku: FS-FS5048

Sku: FS-CH2952

Sku: FS-ES3267

Sku: FS-ES3854

Sku: FS-FS5131

Sku: FS-FS5075

Sku: FS-ME1128

Sku: FS-BQ1163

Sku: FS-BQ1168

Sku: FS-BQ1179

Sku: FS-BQ1225

Sku: FS-BQ1440

Sku: FS-CE1063

Sku: FS-BQ1426

Sku: FS-BQ1211

Sku: HU-3573L.1502

Sku: HU-3542M01.9502

Sku: HU-3628M.2502

Sku: HU-7056m.2502

Sku: HU-6039M.1502

Sku: HU-7055M.1502

Sku: HU-3340M.2506

Sku: HU-3670M.9518

Sku: HU-3542M00.9502

Sku: HU-6039M.1503

Sku: HU-6039M.1506

Sku: Sku

Sku: DZ-DZ5430

Sku: HU-3465M.2502

Sku: HU-3600M.2522

Sku: HU-6694M.1506

Sku: HU-7054M.2508

Sku: HU-3362M.2503

Sku: HU-3309M.2522

Sku: HU-3259M.1502

Sku: HU-3309M.2502

Sku: HU-7083M.2502

Sku: HU-3670M.9502

Sku: HU-3542M02.9506

Sku: TE-110022C

Sku: WE-73117

Sku: FM-CT466A

Sku: FS-CH2952

Sku: DZ-DZ4321I

Sku: MU-MW5-1836-028

Sku: HU-3192L.2512

Sku: HU-3217M.1514

Sku: HU-3259M.1503

Sku: HU-3293L.1502

Sku: HU-3293M.1502

Sku: HU-3293M.1521

Sku: HU-3316M.2517

Sku: HU-3330M.2503

Sku: HU-3330M.2517

Sku: HU-3330M.2522

Sku: HU-3355L.1502

Sku: HU-3355L.1522

Sku: HU-3366M.1502

Sku: HU-3366M.1506

Sku: HU-3366M.1517

Sku: HU-3378M.2517

Sku: HU-3378M.2522

Sku: HU-3385L.1502

Sku: HU-3385L.1503

Sku: HU-3387M.1522

Sku: HU-3459L.2503

Sku: HU-3459M.2520

Sku: HU-3516L.1505

Sku: HU-3517L.1502

Sku: HU-3517L.1514

Sku: HU-3517L.1522

Sku: HU-3521M.9502

Sku: HU-3521M.9503

Sku: HU-3540L00.1502

Sku: HU-3568M01.1522

Sku: HU-3570M.9501

Sku: HU-3570M.9501

Sku: HU-3575L.1502

Sku: HU-3575L.1516

Sku: HU-3599M.1522

Sku: HU-3601M.2517

Sku: HU-3602L.2502

Sku: HU-3603M.1517

Sku: HU-3624L02.2522

Sku: HU-3626L.1512

Sku: HU-3626L.1513

Sku: HU-3628M.2508

Sku: HU-3661M.2502

Sku: HU-3662L.2502

Sku: HU-3662L.2511

Sku: HU-3662L.2515

Sku: HU-3662L01.2501

Sku: HU-3667L.1502

Sku: HU-6039M.1517

Sku: HU-6044M.2502

Sku: HU-6044M.2521

Sku: HU-6047M.1522

Sku: HU-6049M01.2502

Sku: HU-6053M.1502

Sku: HU-6053M.1507

Sku: HU-6060M.1501

Sku: HU-6060M.1502

Sku: HU-6613M.2522

Sku: HU-6693M.1506

Sku: HU-6693M.1517

Sku: HU-6694M.1521

Sku: HU-7028M.2522

Sku: HU-7036M.2502

Sku: HU-7036M.2522

Sku: HU-7044M.1506

Sku: HU-7045M.1502

Sku: HU-7045M.1503

Sku: HU-7052M.2517

Sku: HU-7052M.2522

Sku: HU-7055M.1503

Sku: HU-7055M.1517

Sku: HU-7065M-2517

Sku: HU-7076L01.2501

Sku: HU-7083M.2504

Sku: HU-7083M.2508

Sku: HU-7619L10.2522

Sku: HU-8581M.1502

Sku: SK-skw6100

Sku: TE-110033

Sku: TO-PE06VL

Sku: HU-3459L.2506

Sku: HU-3574M.2522

Sku: HU-3602L.2504

Sku: HU-3602L.2512

Sku: HU-3619L.1507

Sku: HU-3619L.1522

Sku: HU-3629M.1517

Sku: HU-3667L.1512

Sku: HU-6042M.2506

Sku: HU-6057M.1517

Sku: HU-7017L01.2506

Sku: HU-7028M.2508

Sku: HU-7619L08.2522

Sku: DK-NY1488

Sku: DK-NY1500

Sku: DZ-DZ4312-

Sku: DZ-DZ5432

Sku: DZ-DZ5433

Sku: DZ-DZ5491

Sku: DZ-DZ5492

Sku: DZ-DZ4389

Sku: DZ-DZ5411

Sku: DZ-DZ5461

Sku: DZ-DZ5446

Sku: DZ-DZ7358

Sku: DZ-DZ1735

Sku: DZ-DZ7360

Sku: DZ-DZ4373

Sku: DZ-DZ1717

Sku: DZ-DZ5483

Sku: DZ-DZ4345

Sku: DZ-DZ1742

Sku: DZ-DZ5478

Sku: DZ-DZ5425

Sku: DZ-DZ5429

Sku: DZ-DZ5479

Sku: DZ-DZ5447

Sku: DZ-DZ5498

Sku: DZ-DZ5504

Sku: DZ-DZ5431

Sku: DZ-DZ5480

Sku: DK-NY1489

Sku: DK-NY8659

Sku: DZ-DZ1677

Sku: ED-01504 3 AIN

Sku: ED-01504 357RN NIR

Sku: ED-27031 357N NIN

Sku: ED-72012 357N NIN

Sku: ED-82005 357N NIN

Sku: ES-07301452

Sku: ES-07301447

Sku: ES-07301446

Sku: ES-07101404

Sku: ES-07101408

Sku: ES-07101416

Sku: FM-CT465A

Sku: FM-CT466A

Sku: FM-DX203

Sku: FM-CT407A

Sku: FM-AW018

Sku: FM-AW020

Sku: FM-CT408A

Sku: FM-CT409A

Sku: FM-DX225

Sku: FM-DX254

Sku: FM-DX255

Sku: FM-DX256

Sku: FM-DX257

Sku: FM-DX258

Sku: FM-DX271

Sku: FM-DX265

Sku: FM-DX268

Sku: FM-CT385

Sku: FM-CT383

Sku: FM-DX253

Sku: FS-CH2984

Sku: FS-FS5048

Sku: FS-CH2952

Sku: FS-ES3267

Sku: FS-ES3854

Sku: FS-FS5131

Sku: FS-FS5075

Sku: FS-ME1128

Sku: FS-BQ1163

Sku: FS-BQ1168

Sku: FS-BQ1179

Sku: FS-BQ1225

Sku: FS-BQ1440

Sku: FS-CE1063

Sku: FS-BQ1426

Sku: FS-BQ1211

Sku: HU-3573L.1502

Sku: HU-3542M01.9502

Sku: HU-3628M.2502

Sku: HU-7056m.2502

Sku: HU-6039M.1502

Sku: HU-7055M.1502

Sku: HU-3340M.2506

Sku: HU-3670M.9518

Sku: HU-3542M00.9502

Sku: HU-6039M.1503

Sku: HU-6039M.1506

Sku: Sku

Sku: DZ-DZ5430

Sku: HU-3465M.2502

Sku: HU-3600M.2522

Sku: HU-6694M.1506

Sku: HU-7054M.2508

Sku: HU-3362M.2503

Sku: HU-3309M.2522

Sku: HU-3259M.1502

Sku: HU-3309M.2502

Sku: HU-7083M.2502

Sku: HU-3670M.9502

Sku: HU-3542M02.9506

Sku: TE-110022C

Sku: WE-73117

Sku: FM-CT466A

Sku: FS-CH2952

Sku: DZ-DZ4321I

Sku: MU-MW5-1836-028

Sku: HU-3192L.2512

Sku: HU-3217M.1514

Sku: HU-3259M.1503

Sku: HU-3293L.1502

Sku: HU-3293M.1502

Sku: HU-3293M.1521

Sku: HU-3316M.2517

Sku: HU-3330M.2503

Sku: HU-3330M.2517

Sku: HU-3330M.2522

Sku: HU-3355L.1502

Sku: HU-3355L.1522

Sku: HU-3366M.1502

Sku: HU-3366M.1506

Sku: HU-3366M.1517

Sku: HU-3378M.2517

Sku: HU-3378M.2522

Sku: HU-3385L.1502

Sku: HU-3385L.1503

Sku: HU-3387M.1522

Sku: HU-3459L.2503

Sku: HU-3459M.2520

Sku: HU-3516L.1505

Sku: HU-3517L.1502

Sku: HU-3517L.1514

Sku: HU-3517L.1522

Sku: HU-3521M.9502

Sku: HU-3521M.9503

Sku: HU-3540L00.1502

Sku: HU-3568M01.1522

Sku: HU-3570M.9501

Sku: HU-3570M.9501

Sku: HU-3575L.1502

Sku: HU-3575L.1516

Sku: HU-3599M.1522

Sku: HU-3601M.2517

Sku: HU-3602L.2502

Sku: HU-3603M.1517

Sku: HU-3624L02.2522

Sku: HU-3626L.1512

Sku: HU-3626L.1513

Sku: HU-3628M.2508

Sku: HU-3661M.2502

Sku: HU-3662L.2502

Sku: HU-3662L.2511

Sku: HU-3662L.2515

Sku: HU-3662L01.2501

Sku: HU-3667L.1502

Sku: HU-6039M.1517

Sku: HU-6044M.2502

Sku: HU-6044M.2521

Sku: HU-6047M.1522

Sku: HU-6049M01.2502

Sku: HU-6053M.1502

Sku: HU-6053M.1507

Sku: HU-6060M.1501

Sku: HU-6060M.1502

Sku: HU-6613M.2522

Sku: HU-6693M.1506

Sku: HU-6693M.1517

Sku: HU-6694M.1521

Sku: HU-7028M.2522

Sku: HU-7036M.2502

Sku: HU-7036M.2522

Sku: HU-7044M.1506

Sku: HU-7045M.1502

Sku: HU-7045M.1503

Sku: HU-7052M.2517

Sku: HU-7052M.2522

Sku: HU-7055M.1503

Sku: HU-7055M.1517

Sku: HU-7065M-2517

Sku: HU-7076L01.2501

Sku: HU-7083M.2504

Sku: HU-7083M.2508

Sku: HU-7619L10.2522

Sku: HU-8581M.1502

Sku: SK-skw6100

Sku: TE-110033

Sku: TO-PE06VL

Sku: HU-3459L.2506

Sku: HU-3574M.2522

Sku: HU-3602L.2504

Sku: HU-3602L.2512

Sku: HU-3619L.1507

Sku: HU-3619L.1522

Sku: HU-3629M.1517

Sku: HU-3667L.1512

Sku: HU-6042M.2506

Sku: HU-6057M.1517

Sku: HU-7017L01.2506

Sku: HU-7028M.2508

Sku: HU-7619L08.2522

Sku: DK-NY1488

Sku: DK-NY1500

Sku: DZ-DZ4312-

Sku: DZ-DZ5432

Sku: DZ-DZ5433

Sku: DZ-DZ5491

Sku: DZ-DZ5492

Sku: DZ-DZ4389

Sku: DZ-DZ5411

Sku: DZ-DZ5461

Sku: DZ-DZ5446

Sku: DZ-DZ7358

Sku: DZ-DZ1735

Sku: DZ-DZ7360

Sku: DZ-DZ4373

Sku: DZ-DZ1717

Sku: DZ-DZ5483

Sku: DZ-DZ4345

Sku: DZ-DZ1742

Sku: DZ-DZ5478

Sku: DZ-DZ5425

Sku: DZ-DZ5429

Sku: DZ-DZ5479

Sku: DZ-DZ5447

Sku: DZ-DZ5498

Sku: DZ-DZ5504

Sku: DZ-DZ5431

Sku: DZ-DZ5480

Sku: DK-NY1489

Sku: DK-NY8659

Sku: DZ-DZ1677

Sku: ED-01504 3 AIN

Sku: ED-01504 357RN NIR

Sku: ED-27031 357N NIN

Sku: ED-72012 357N NIN

Sku: ED-82005 357N NIN

Sku: ES-07301452

Sku: ES-07301447

Sku: ES-07301446

Sku: ES-07101404

Sku: ES-07101408

Sku: ES-07101416

Sku: FM-CT465A

Sku: FM-CT466A

Sku: FM-DX203

Sku: FM-CT407A

Sku: FM-AW018

Sku: FM-AW020

Sku: FM-CT408A

Sku: FM-CT409A

Sku: FM-DX225

Sku: FM-DX254

Sku: FM-DX255

Sku: FM-DX256

Sku: FM-DX257

Sku: FM-DX258

Sku: FM-DX271

Sku: FM-DX265

Sku: FM-DX268

Sku: FM-CT385

Sku: FM-CT383

Sku: FM-DX253

Sku: FS-CH2984

Sku: FS-FS5048

Sku: FS-CH2952

Sku: FS-ES3267

Sku: FS-ES3854

Sku: FS-FS5131

Sku: FS-FS5075

Sku: FS-ME1128

Sku: FS-BQ1163

Sku: FS-BQ1168

Sku: FS-BQ1179

Sku: FS-BQ1225

Sku: FS-BQ1440

Sku: FS-CE1063

Sku: FS-BQ1426

Sku: FS-BQ1211

Sku: HU-3573L.1502

Sku: HU-3542M01.9502

Sku: HU-3628M.2502

Sku: HU-7056m.2502

Sku: HU-6039M.1502

Sku: HU-7055M.1502

Sku: HU-3340M.2506

Sku: HU-3670M.9518

Sku: HU-3542M00.9502

Sku: HU-6039M.1503

Sku: HU-6039M.1506
