product update start

Sku: ac56

Sku: ball78

Sku: bike12

Sku: bikes07

Sku: ha2

Sku: cam13

Sku: kit12

Sku: computer81

Sku: dress18

Sku: dummy-1

Sku: ear3

Sku: abc123

Sku: foo2

Sku: ced-36156498252

Sku: bag23

Sku: ha3

Sku: abc1212

Sku: suit15

Sku: ced-36156498252588_check

Sku: lap45

Sku: tv1

Sku: lens12

Sku: lunch35

Sku: mem11

Sku: 13

Sku: sku-12324

Sku: notebook34

Sku: pen1

Sku: pd12

Sku: ced-36387373004

Sku: ced-36387454412

Sku: producttest3

Sku: producttest4

Sku: puma_watch

Sku: erer

Sku: sam2

Sku: mobile33

Sku: sandal34

Sku: sh3

Sku: shirt99

Sku: shirt21

Sku: simple_14

Sku: spec2

Sku: ac2

Sku: suz12

Sku: testhiddenproduct

Sku: test_990

Sku: test545

Sku: test677

Sku: walmarttest

Sku: 630509453122

Sku: testproduct1341

Sku: 630509503483

Sku: wapper

Sku: te1

Sku: 93

Sku: vari_test126

Sku: watch91

Sku: wrisht-412

Sku: glass123

Sku: abc123456

Sku: pumateestest

Sku: Importtest1

Sku: iuyiyuiu1

Sku: iuyiyuiu2

Sku: iuyiyuiu3

Sku: iuyiyuiu1

Sku: iuyiyuiu2

Sku: iuyiyuiu3

Sku: iuyiyuiu1

Sku: iuyiyuiu2

Sku: iuyiyuiu3

Sku: iuyiyuiu1

Sku: iuyiyuiu2

Sku: iuyiyuiu3

Sku: iuyiyuiu1

Sku: iuyiyuiu2

Sku: iuyiyuiu3

Sku: iuyiyuiu1

Sku: iuyiyuiu2

Sku: iuyiyuiu3

Sku: iuyiyuiu1

Sku: iuyiyuiu2

Sku: iuyiyuiu3

Sku: iuyiyuiu1

Sku: iuyiyuiu2

Sku: iuyiyuiu3

Sku: iuyiyuiu1

Sku: iuyiyuiu2

Sku: iuyiyuiu3

Sku: cxczx

Sku: iuyiyuiu1

Sku: iuyiyuiu2

Sku: iuyiyuiu3

Sku: iuyiyuiu1

Sku: iuyiyuiu2

Sku: iuyiyuiu3

Sku: iuyiyuiu1

Sku: iuyiyuiu2

Sku: iuyiyuiu3

Sku: iuyiyuiu1

Sku: iuyiyuiu2

Sku: iuyiyuiu3

Sku: iuyiyuiu1

Sku: iuyiyuiu2

Sku: iuyiyuiu3

Sku: retst11

Sku: iuyiyuiu1

Sku: iuyiyuiu2

Sku: iuyiyuiu3

Sku: iuyiyuiu1

Sku: iuyiyuiu2

Sku: iuyiyuiu3

Sku: iuyiyuiu1

Sku: iuyiyuiu2

Sku: iuyiyuiu3

Sku: iuyiyuiu1

Sku: iuyiyuiu2

Sku: iuyiyuiu3

Sku: iuyiyuiu1

Sku: iuyiyuiu2

Sku: iuyiyuiu3

Sku: iuyiyuiu1

Sku: iuyiyuiu2

Sku: iuyiyuiu3

Sku: iuyiyuiu1

Sku: iuyiyuiu2

Sku: iuyiyuiu3

Sku: tv67

Sku: TESTTEST

Sku: iuyiyuiu1

Sku: iuyiyuiu2

Sku: iuyiyuiu3

Sku: testagainnewe

Sku: ced40289828428

Sku: testnew454

Sku: iuyiyuiu1

Sku: iuyiyuiu2

Sku: iuyiyuiu3

Sku: tew

Sku: iuyiyuiu1

Sku: iuyiyuiu2

Sku: iuyiyuiu3

Sku: dfgdgg

Sku: iuyiyuiu1

Sku: iuyiyuiu2

Sku: iuyiyuiu3

Sku: iuyiyuiu1

Sku: iuyiyuiu2

Sku: iuyiyuiu3

Sku: iuyiyuiu1

Sku: iuyiyuiu2

Sku: iuyiyuiu3

Sku: iuyiyuiu1

Sku: iuyiyuiu2

Sku: iuyiyuiu3

Sku: xxxx
