product update start

sku: Variant Sku

sku: iuyiyuiu1

sku: iuyiyuiu2

sku: iuyiyuiu3

sku: pumateestest

sku: 630509453122

sku: ced-36156498252588_check

sku: puma_watch

sku: wrisht-412

sku: leviswatch3654

sku: levisjeans2

sku: levismed44
update price on jet for sku: levismed44 price: 18001545216.00
update price on jet response: Product not available on jet

sku: pumaslingbags78

sku: pumaslingbags80

sku: pumaslingbags79

sku: vari_test126

sku: test_990

sku: dummy-1

sku: 630509503483

sku: testproduct1341

sku: steveproduct236

sku: steve87hg

sku: ced-36156498252

sku: wapper

sku: ced-36387373004

sku: ced-36387454412

sku: producttest3

sku: producttest4

sku: erer

sku: sku-12324

sku: 93

sku: testhiddenproduct

sku: walmarttest

sku: variant77

sku: variant78

sku: variant79

sku: variant80

sku: snow11

sku: snow12

sku: snow23

sku: test545

sku: test677

sku: dfgdgg

sku: tew

sku: ced40289828428

sku: swatches

sku: swatches2

sku: swatches3

sku: TESTTEST

sku: retst11

sku: testnew454

sku: assadsadsaddsfew1

sku: assad20sadsaddsfew5

sku: 20assadsadsaddsfew9

sku: assadsads20addsfew2

sku: assa20dsadsaddsfew6

sku: assadsad20saddsfew3

sku: ass20adsadsaddsfew7

sku: assadsa20dsaddsfew4

sku: a20ssadsadsaddsfew8

sku: ced34722028940ssss1

sku: ced34722028940ssss3

sku: ced34722028940ssss5

sku: ced34722028940ssss7

sku: ced34722028940ssss2

sku: ced34722028940ssss4

sku: ced34722028940ssss6

sku: ced34722028940ssss8

sku: 2866

sku: 2866

sku: simple_14

sku: variants14

sku: variants16

sku: variants15

sku: neweggVariantsProduct1

sku: neweggVariantsProduct4

sku: neweggVariantsProduct8

sku: neweggVariantsProduct5

sku: neweggVariantsProduct9

sku: neweggVariantsProduct2

sku: neweggVariantsProduct6

sku: neweggVariantsProduct3

sku: neweggVariantsProduct7

sku: cxczx

sku: testagainnewe

sku: abc1212

sku: abc123

sku: 13

sku: lap45

sku: 16

sku: 14

sku: tees22

sku: tees23

sku: cam13

sku: mem11

sku: bag23

sku: shirt21

sku: suit15

sku: te1

sku: trouser66

sku: trouser68

sku: trouser67

sku: sh3

sku: ha2

sku: mo2

sku: mo4

sku: mo3

sku: dress18

sku: shoe456

sku: shoe457

sku: shoe459

sku: shoe458

sku: je3

sku: je5

sku: je4

sku: spec2

sku: ball78

sku: bikes07

sku: wat3

sku: wat4

sku: tv67

sku: computer81

sku: pen1

sku: ear3

sku: watch91

sku: ha3

sku: tv1

sku: shirt99

sku: suz12

sku: skirt80

sku: skirt81

sku: pens1

sku: pens3

sku: pens2

sku: lunch35

sku: mobile33

sku: foo2

sku: notebook34

sku: bat3

sku: bat4

sku: ac56

sku: sandal34

sku: sam2

sku: lens12

sku: ced_98631352345

sku: product231

sku: product232

sku: ac2

sku: sunglass123

sku: sunglass124

sku: bag11

sku: bag12

sku: bag14

sku: bag13

sku: kit12

sku: bike12

sku: pd12

sku: glass123

sku: abc123456

sku: testvarient2

sku: testvarient4

sku: testvarient3

sku: newtestvariant1

sku: newtestvariant3

sku: newtestvariant2

sku: Importtest1

sku: importtest2

sku: importtest3

sku: importtest4

sku: xxxx

sku: ced_679548616729
