Tue, 26 Sep 17 07:23:56 +0200 : Array
(
    [sender] => muditshukla@cedcoss.com
    [reciever] => shopify@cedcommerce.com
    [email] => jimmoore@cedcommerce.com
    [subject] => Callback request for shopify-jet
    [bcc] => nidhirajput@cedcommerce.com,nehasingh@cedcommerce.com,swatishukla@cedcommerce.com,anupriyaverma@cedcommerce.com,james@cedcommerce.com,moattarraza@cedcoss.com,kshitijverma@cedcoss.com,abhishekjaiswal@cedcoss.com,karshitbhargava@cedcoss.com 
)

Tue, 26 Sep 17 07:30:29 +0200 : Array
(
    [sender] => muditshukla@cedcoss.com
    [reciever] => shopify@cedcommerce.com
    [email] => jimmoore@cedcommerce.com
    [subject] => Callback request for shopify-jet
    [bcc] => nidhirajput@cedcommerce.com,nehasingh@cedcommerce.com,swatishukla@cedcommerce.com,anupriyaverma@cedcommerce.com,james@cedcommerce.com,moattarraza@cedcoss.com,kshitijverma@cedcoss.com,abhishekjaiswal@cedcoss.com,karshitbhargava@cedcoss.com 
)

Tue, 26 Sep 17 07:31:57 +0200 : Array
(
    [sender] => muditshukla@cedcoss.com
    [reciever] => shopify@cedcommerce.com
    [email] => jimmoore@cedcommerce.com
    [subject] => Callback request for shopify-jet
    [bcc] => nidhirajput@cedcommerce.com,nehasingh@cedcommerce.com,swatishukla@cedcommerce.com,anupriyaverma@cedcommerce.com,james@cedcommerce.com,moattarraza@cedcoss.com,kshitijverma@cedcoss.com,abhishekjaiswal@cedcoss.com,karshitbhargava@cedcoss.com 
)

Tue, 26 Sep 17 07:33:17 +0200 : Array
(
    [sender] => muditshukla@cedcoss.com
    [reciever] => shopify@cedcommerce.com
    [email] => jimmoore@cedcommerce.com
    [subject] => Callback request for shopify-jet
    [bcc] => nidhirajput@cedcommerce.com,nehasingh@cedcommerce.com,swatishukla@cedcommerce.com,anupriyaverma@cedcommerce.com,james@cedcommerce.com,moattarraza@cedcoss.com,kshitijverma@cedcoss.com,abhishekjaiswal@cedcoss.com,karshitbhargava@cedcoss.com 
)

Wed, 27 Sep 17 08:57:14 +0200 : Array
(
    [sender] => muditshukla@cedcoss.com
    [reciever] => shopify@cedcommerce.com
    [email] => jimmoore@cedcommerce.com
    [subject] => Callback request for shopify-jet
    [bcc] => nidhirajput@cedcommerce.com,nehasingh@cedcommerce.com,swatishukla@cedcommerce.com,anupriyaverma@cedcommerce.com,james@cedcommerce.com,moattarraza@cedcoss.com,kshitijverma@cedcoss.com,abhishekjaiswal@cedcoss.com,karshitbhargava@cedcoss.com 
    [domain] => https://shopify.cedcommerce.com/
)

